TN:
SF:/home/king/Documents/banner-app-final/app.js
FN:23,(anonymous_0)
FN:34,(anonymous_1)
FN:45,(anonymous_2)
FNF:3
FNH:2
FNDA:1,(anonymous_0)
FNDA:0,(anonymous_1)
FNDA:42,(anonymous_2)
DA:1,1
DA:2,1
DA:3,1
DA:4,1
DA:5,1
DA:6,1
DA:7,1
DA:8,1
DA:11,1
DA:14,1
DA:15,1
DA:17,1
DA:18,1
DA:19,1
DA:20,1
DA:23,1
DA:24,1
DA:25,1
DA:26,1
DA:33,1
DA:34,0
DA:35,0
DA:36,0
DA:45,1
DA:46,42
DA:47,42
DA:54,1
LF:27
LH:24
BRDA:33,0,0,0
BRDA:33,0,1,1
BRDA:35,1,0,0
BRDA:35,1,1,0
BRDA:46,2,0,42
BRDA:46,2,1,2
BRF:6
BRH:3
end_of_record
TN:
SF:/home/king/Documents/banner-app-final/db.js
FNF:0
FNH:0
DA:1,1
DA:2,1
LF:2
LH:2
BRF:0
BRH:0
end_of_record
TN:
SF:/home/king/Documents/banner-app-final/conf/APIError.js
FN:7,(anonymous_0)
FN:33,(anonymous_1)
FNF:2
FNH:2
FNDA:80,(anonymous_0)
FNDA:80,(anonymous_1)
DA:1,1
DA:8,80
DA:9,80
DA:10,80
DA:11,80
DA:12,80
DA:13,80
DA:14,80
DA:15,41
DA:16,41
DA:17,41
DA:34,80
DA:38,1
LF:13
LH:13
BRDA:14,0,0,41
BRDA:14,0,1,39
BRDA:33,1,0,41
BRDA:33,2,0,80
BRF:4
BRH:4
end_of_record
TN:
SF:/home/king/Documents/banner-app-final/conf/helper.js
FN:9,(anonymous_0)
FN:25,(anonymous_1)
FN:68,(anonymous_2)
FN:92,(anonymous_3)
FN:101,(anonymous_4)
FN:103,(anonymous_5)
FN:119,(anonymous_6)
FN:124,(anonymous_7)
FN:150,(anonymous_8)
FN:186,(anonymous_9)
FN:200,(anonymous_10)
FNF:11
FNH:9
FNDA:20,(anonymous_0)
FNDA:2,(anonymous_1)
FNDA:3,(anonymous_2)
FNDA:8,(anonymous_3)
FNDA:6,(anonymous_4)
FNDA:6,(anonymous_5)
FNDA:0,(anonymous_6)
FNDA:0,(anonymous_7)
FNDA:4,(anonymous_8)
FNDA:9,(anonymous_9)
FNDA:5,(anonymous_10)
DA:1,1
DA:11,20
DA:12,20
DA:26,2
DA:27,0
DA:29,2
DA:31,2
DA:32,2
DA:33,2
DA:37,2
DA:38,2
DA:39,8
DA:40,8
DA:41,8
DA:42,8
DA:43,8
DA:44,8
DA:45,8
DA:46,8
DA:47,8
DA:51,2
DA:52,2
DA:53,2
DA:54,2
DA:56,1
DA:59,1
DA:70,3
DA:71,3
DA:72,3
DA:73,3
DA:74,3
DA:75,2
DA:78,1
DA:93,8
DA:94,8
DA:97,8
DA:99,8
DA:100,8
DA:101,6
DA:103,6
DA:106,8
DA:107,12
DA:109,8
DA:120,0
DA:122,0
DA:124,0
DA:126,0
DA:127,0
DA:128,0
DA:129,0
DA:130,0
DA:131,0
DA:132,0
DA:133,0
DA:139,0
DA:140,0
DA:151,4
DA:153,1
DA:159,1
DA:165,1
DA:171,1
DA:187,9
DA:189,2
DA:191,4
DA:193,1
DA:195,2
DA:201,5
DA:202,5
DA:203,5
DA:205,5
DA:206,0
DA:209,5
DA:210,4
DA:213,4
DA:214,4
DA:216,4
DA:217,13
DA:218,13
DA:219,3
DA:221,3
DA:224,1
DA:225,1
DA:226,1
DA:227,1
DA:230,0
DA:233,1
DA:237,1
LF:87
LH:71
BRDA:26,0,0,0
BRDA:26,0,1,2
BRDA:54,1,0,1
BRDA:54,1,1,1
BRDA:74,2,0,2
BRDA:74,2,1,1
BRDA:74,3,0,3
BRDA:74,3,1,2
BRDA:74,3,2,2
BRDA:74,3,3,2
BRDA:100,4,0,4
BRDA:100,4,1,4
BRDA:120,5,0,0
BRDA:120,5,1,0
BRDA:126,6,0,0
BRDA:126,6,1,0
BRDA:128,7,0,0
BRDA:128,7,1,0
BRDA:130,8,0,0
BRDA:130,8,1,0
BRDA:132,9,0,0
BRDA:132,9,1,0
BRDA:139,10,0,0
BRDA:139,10,1,0
BRDA:151,11,0,1
BRDA:151,11,1,1
BRDA:151,11,2,1
BRDA:151,11,3,1
BRDA:187,12,0,2
BRDA:187,12,1,4
BRDA:187,12,2,1
BRDA:187,12,3,2
BRDA:205,13,0,0
BRDA:205,13,1,5
BRDA:209,14,0,4
BRDA:209,14,1,1
BRDA:218,15,0,3
BRDA:218,15,1,10
BRDA:225,16,0,1
BRDA:225,16,1,0
BRF:40
BRH:25
end_of_record
TN:
SF:/home/king/Documents/banner-app-final/controllers/boardCtrl.js
FN:11,load
FN:13,(anonymous_1)
FN:17,(anonymous_2)
FN:24,get
FN:48,create
FN:55,(anonymous_5)
FN:64,list
FN:70,(anonymous_7)
FN:71,(anonymous_8)
FN:78,remove
FN:80,(anonymous_10)
FN:81,(anonymous_11)
FN:88,placeShip
FN:171,fire
FNF:14
FNH:2
FNDA:41,load
FNDA:0,(anonymous_1)
FNDA:41,(anonymous_2)
FNDA:0,get
FNDA:0,create
FNDA:0,(anonymous_5)
FNDA:0,list
FNDA:0,(anonymous_7)
FNDA:0,(anonymous_8)
FNDA:0,remove
FNDA:0,(anonymous_10)
FNDA:0,(anonymous_11)
FNDA:0,placeShip
FNDA:0,fire
DA:2,1
DA:3,1
DA:4,1
DA:5,1
DA:6,1
DA:12,41
DA:14,0
DA:15,0
DA:17,41
DA:25,0
DA:26,0
DA:28,0
DA:30,0
DA:31,0
DA:32,0
DA:33,0
DA:34,0
DA:35,0
DA:41,0
DA:49,0
DA:50,0
DA:54,0
DA:55,0
DA:65,0
DA:66,0
DA:70,0
DA:71,0
DA:79,0
DA:80,0
DA:81,0
DA:89,0
DA:90,0
DA:92,0
DA:93,0
DA:97,0
DA:100,0
DA:101,0
DA:105,0
DA:109,0
DA:112,0
DA:113,0
DA:114,0
DA:118,0
DA:122,0
DA:123,0
DA:126,0
DA:127,0
DA:128,0
DA:132,0
DA:136,0
DA:137,0
DA:138,0
DA:142,0
DA:146,0
DA:148,0
DA:150,0
DA:151,0
DA:154,0
DA:155,0
DA:157,0
DA:160,0
DA:172,0
DA:173,0
DA:175,0
DA:176,0
DA:177,0
DA:179,0
DA:182,0
DA:184,0
DA:185,0
DA:186,0
DA:188,0
DA:191,0
DA:196,1
LF:74
LH:8
BRDA:28,0,0,0
BRDA:28,0,1,0
BRDA:34,1,0,0
BRDA:34,1,1,0
BRDA:65,2,0,0
BRDA:65,3,0,0
BRDA:92,4,0,0
BRDA:92,4,1,0
BRDA:100,5,0,0
BRDA:100,5,1,0
BRDA:113,6,0,0
BRDA:113,6,1,0
BRDA:127,7,0,0
BRDA:127,7,1,0
BRDA:137,8,0,0
BRDA:137,8,1,0
BRDA:150,9,0,0
BRDA:150,9,1,0
BRDA:176,10,0,0
BRDA:176,10,1,0
BRF:20
BRH:0
end_of_record
TN:
SF:/home/king/Documents/banner-app-final/model/boardModel.js
FN:87,(anonymous_0)
FNF:1
FNH:1
FNDA:2,(anonymous_0)
DA:1,1
DA:2,1
DA:3,1
DA:4,1
DA:5,1
DA:7,1
DA:53,1
DA:56,1
DA:64,0
DA:79,41
DA:80,39
DA:81,0
DA:83,39
DA:84,39
DA:87,2
DA:88,1
DA:89,1
DA:91,1
LF:18
LH:16
BRDA:63,0,0,0
BRDA:63,1,0,0
BRDA:63,2,0,0
BRDA:80,3,0,0
BRDA:80,3,1,39
BRF:5
BRH:1
end_of_record
TN:
SF:/home/king/Documents/banner-app-final/routes/index.js
FN:8,(anonymous_0)
FNF:1
FNH:1
FNDA:1,(anonymous_0)
DA:1,1
DA:2,1
DA:3,1
DA:4,1
DA:5,1
DA:6,1
DA:8,1
DA:9,1
DA:12,1
DA:16,1
DA:20,1
DA:25,1
DA:29,1
DA:34,1
DA:39,1
DA:41,1
LF:16
LH:16
BRF:0
BRH:0
end_of_record
